2020-12-17 11:12:117 INFO  LoginPage :24 - enter user name to user name  field[[ChromeDriver: chrome on WINDOWS (62d2d5ab2aa5aa67ec79ad3ea51fb671)] -> xpath: //input[@id='txtUsername']]
2020-12-17 11:12:229 INFO  LoginPage :30 - enter password to password field [[ChromeDriver: chrome on WINDOWS (62d2d5ab2aa5aa67ec79ad3ea51fb671)] -> xpath: //input[@id='txtPassword']]
2020-12-17 11:12:335 INFO  LoginPage :36 - clicking on login btn [[ChromeDriver: chrome on WINDOWS (62d2d5ab2aa5aa67ec79ad3ea51fb671)] -> xpath: //input[@id='btnLogin']]
2020-12-17 11:12:580 INFO  DashboardPage :22 - get text to verify Proxy element for: DefaultElementLocator 'By.xpath: //font[contains(text(),'Welcome Dominic')]'
2020-12-17 11:12:684 INFO  LoginPage :24 - enter user name to user name  field[[ChromeDriver: chrome on WINDOWS (93517e58757d0a4dd11fc8a0f0f15a27)] -> xpath: //input[@id='txtUsername']]
2020-12-17 11:12:812 INFO  LoginPage :30 - enter password to password field [[ChromeDriver: chrome on WINDOWS (93517e58757d0a4dd11fc8a0f0f15a27)] -> xpath: //input[@id='txtPassword']]
2020-12-17 11:12:923 INFO  LoginPage :36 - clicking on login btn [[ChromeDriver: chrome on WINDOWS (93517e58757d0a4dd11fc8a0f0f15a27)] -> xpath: //input[@id='btnLogin']]
2020-12-17 11:12:179 INFO  DashboardPage :22 - get text to verify Proxy element for: DefaultElementLocator 'By.xpath: //*[@id="welcome"]/font/font'
2020-12-17 12:12:316 INFO  LoginPage :24 - enter user name to user name  field[[ChromeDriver: chrome on WINDOWS (6f93f6938a8bb0e5e465e5c4aa9e3c83)] -> xpath: //input[@id='txtUsername']]
2020-12-17 12:12:440 INFO  LoginPage :30 - enter password to password field [[ChromeDriver: chrome on WINDOWS (6f93f6938a8bb0e5e465e5c4aa9e3c83)] -> xpath: //input[@id='txtPassword']]
2020-12-17 12:12:551 INFO  LoginPage :36 - clicking on login btn [[ChromeDriver: chrome on WINDOWS (6f93f6938a8bb0e5e465e5c4aa9e3c83)] -> xpath: //input[@id='btnLogin']]
2020-12-17 12:12:500 INFO  LoginPage :24 - enter user name to user name  field[[ChromeDriver: chrome on WINDOWS (c4d272e18030b4bd5adcb01608362f03)] -> xpath: //input[@id='txtUsername']]
2020-12-17 12:12:619 INFO  LoginPage :30 - enter password to password field [[ChromeDriver: chrome on WINDOWS (c4d272e18030b4bd5adcb01608362f03)] -> xpath: //input[@id='txtPassword']]
2020-12-17 12:12:719 INFO  LoginPage :36 - clicking on login btn [[ChromeDriver: chrome on WINDOWS (c4d272e18030b4bd5adcb01608362f03)] -> xpath: //input[@id='btnLogin']]
2020-12-17 12:12:815 INFO  LoginPage :24 - enter user name to user name  field[[ChromeDriver: chrome on WINDOWS (37f9aafce31978f446db5d714a47e1e8)] -> xpath: //input[@id='txtUsername']]
2020-12-17 12:12:922 INFO  LoginPage :30 - enter password to password field [[ChromeDriver: chrome on WINDOWS (37f9aafce31978f446db5d714a47e1e8)] -> xpath: //input[@id='txtPassword']]
2020-12-17 12:12:39 INFO  LoginPage :36 - clicking on login btn [[ChromeDriver: chrome on WINDOWS (37f9aafce31978f446db5d714a47e1e8)] -> xpath: //input[@id='btnLogin']]
2020-12-17 12:12:156 INFO  LoginPage :24 - enter user name to user name  field[[ChromeDriver: chrome on WINDOWS (df3ad0d08f7d6c6e36b9118316c2c67e)] -> xpath: //input[@id='txtUsername']]
2020-12-17 12:12:251 INFO  LoginPage :30 - enter password to password field [[ChromeDriver: chrome on WINDOWS (df3ad0d08f7d6c6e36b9118316c2c67e)] -> xpath: //input[@id='txtPassword']]
2020-12-17 12:12:342 INFO  LoginPage :36 - clicking on login btn [[ChromeDriver: chrome on WINDOWS (df3ad0d08f7d6c6e36b9118316c2c67e)] -> xpath: //input[@id='btnLogin']]
2020-12-17 12:12:907 INFO  LoginPage :24 - enter user name to user name  field[[ChromeDriver: chrome on WINDOWS (37da42b78af9bb3772aef13a5328ae6d)] -> xpath: //input[@id='txtUsername']]
2020-12-17 12:12:99 INFO  LoginPage :30 - enter password to password field [[ChromeDriver: chrome on WINDOWS (37da42b78af9bb3772aef13a5328ae6d)] -> xpath: //input[@id='txtPassword']]
2020-12-17 12:12:272 INFO  LoginPage :36 - clicking on login btn [[ChromeDriver: chrome on WINDOWS (37da42b78af9bb3772aef13a5328ae6d)] -> xpath: //input[@id='btnLogin']]
2020-12-17 12:12:788 INFO  DashboardPage :25 - get text to verify [[ChromeDriver: chrome on WINDOWS (37da42b78af9bb3772aef13a5328ae6d)] -> css selector: a.panelTrigger]
2020-12-17 12:12:765 INFO  LoginPage :24 - enter user name to user name  field[[ChromeDriver: chrome on WINDOWS (d9595eb1dffaa231f0b605e2d17b213b)] -> xpath: //input[@id='txtUsername']]
2020-12-17 12:12:959 INFO  LoginPage :30 - enter password to password field [[ChromeDriver: chrome on WINDOWS (d9595eb1dffaa231f0b605e2d17b213b)] -> xpath: //input[@id='txtPassword']]
2020-12-17 12:12:115 INFO  LoginPage :36 - clicking on login btn [[ChromeDriver: chrome on WINDOWS (d9595eb1dffaa231f0b605e2d17b213b)] -> xpath: //input[@id='btnLogin']]
2020-12-17 12:12:710 INFO  DashboardPage :25 - get text to verify [[ChromeDriver: chrome on WINDOWS (d9595eb1dffaa231f0b605e2d17b213b)] -> css selector: a.panelTrigger]
2020-12-17 12:12:961 INFO  LoginPage :24 - enter user name to user name  field[[ChromeDriver: chrome on WINDOWS (0a07edb45a3f9ad499dd83e0f59a4022)] -> xpath: //input[@id='txtUsername']]
2020-12-17 12:12:161 INFO  LoginPage :30 - enter password to password field [[ChromeDriver: chrome on WINDOWS (0a07edb45a3f9ad499dd83e0f59a4022)] -> xpath: //input[@id='txtPassword']]
2020-12-17 12:12:327 INFO  LoginPage :36 - clicking on login btn [[ChromeDriver: chrome on WINDOWS (0a07edb45a3f9ad499dd83e0f59a4022)] -> xpath: //input[@id='btnLogin']]
2020-12-17 12:12:722 INFO  DashboardPage :25 - get text to verify [[ChromeDriver: chrome on WINDOWS (0a07edb45a3f9ad499dd83e0f59a4022)] -> css selector: a.panelTrigger]
2020-12-17 12:12:42 INFO  LoginPage :26 - enter user name to user name  field[[ChromeDriver: chrome on WINDOWS (69828b7bf799c01ec8a4debb7caba234)] -> xpath: //input[@id='txtUsername']]
2020-12-17 12:12:154 INFO  LoginPage :32 - enter password to password field [[ChromeDriver: chrome on WINDOWS (69828b7bf799c01ec8a4debb7caba234)] -> xpath: //input[@id='txtPassword']]
2020-12-17 12:12:250 INFO  LoginPage :38 - clicking on login btn [[ChromeDriver: chrome on WINDOWS (69828b7bf799c01ec8a4debb7caba234)] -> xpath: //input[@id='btnLogin']]
2020-12-17 12:12:516 INFO  DashboardPage :25 - get text to verify [[ChromeDriver: chrome on WINDOWS (69828b7bf799c01ec8a4debb7caba234)] -> css selector: a.panelTrigger]
2020-12-17 12:12:37 INFO  LoginPage :26 - enter user name to user name  field[[ChromeDriver: chrome on WINDOWS (cafdddb87b329fe9a6d5623929931304)] -> xpath: //input[@id='txtUsername']]
2020-12-17 12:12:133 INFO  LoginPage :32 - enter password to password field [[ChromeDriver: chrome on WINDOWS (cafdddb87b329fe9a6d5623929931304)] -> xpath: //input[@id='txtPassword']]
2020-12-17 12:12:234 INFO  LoginPage :38 - clicking on login btn [[ChromeDriver: chrome on WINDOWS (cafdddb87b329fe9a6d5623929931304)] -> xpath: //input[@id='btnLogin']]
2020-12-17 12:12:561 INFO  DashboardPage :33 - clickling on weclome Admin link[[ChromeDriver: chrome on WINDOWS (cafdddb87b329fe9a6d5623929931304)] -> css selector: a.panelTrigger]
2020-12-17 12:12:726 INFO  DashboardPage :39 - clicking on log out btn Proxy element for: DefaultElementLocator 'By.xpath: //font[contains(text(),'Logout')]'
2020-12-17 12:12:932 INFO  LoginPage :26 - enter user name to user name  field[[ChromeDriver: chrome on WINDOWS (d3ed09e32d668932a477a767d1c18b2f)] -> xpath: //input[@id='txtUsername']]
2020-12-17 12:12:32 INFO  LoginPage :32 - enter password to password field [[ChromeDriver: chrome on WINDOWS (d3ed09e32d668932a477a767d1c18b2f)] -> xpath: //input[@id='txtPassword']]
2020-12-17 12:12:126 INFO  LoginPage :38 - clicking on login btn [[ChromeDriver: chrome on WINDOWS (d3ed09e32d668932a477a767d1c18b2f)] -> xpath: //input[@id='btnLogin']]
2020-12-17 12:12:431 INFO  DashboardPage :25 - get text to verify [[ChromeDriver: chrome on WINDOWS (d3ed09e32d668932a477a767d1c18b2f)] -> css selector: a.panelTrigger]
2020-12-17 12:12:941 INFO  LoginPage :26 - enter user name to user name  field[[ChromeDriver: chrome on WINDOWS (cdb695190aa1887e11791a1c077f20cf)] -> xpath: //input[@id='txtUsername']]
2020-12-17 12:12:30 INFO  LoginPage :32 - enter password to password field [[ChromeDriver: chrome on WINDOWS (cdb695190aa1887e11791a1c077f20cf)] -> xpath: //input[@id='txtPassword']]
2020-12-17 12:12:131 INFO  LoginPage :38 - clicking on login btn [[ChromeDriver: chrome on WINDOWS (cdb695190aa1887e11791a1c077f20cf)] -> xpath: //input[@id='btnLogin']]
2020-12-17 12:12:815 INFO  DashboardPage :33 - clickling on weclome Admin link[[ChromeDriver: chrome on WINDOWS (cdb695190aa1887e11791a1c077f20cf)] -> css selector: a.panelTrigger]
2020-12-17 12:12:423 INFO  DashboardPage :39 - clicking on log out btn [[ChromeDriver: chrome on WINDOWS (cdb695190aa1887e11791a1c077f20cf)] -> xpath: //a[contains(text(),'Logout')]]
2020-12-17 12:12:995 INFO  LoginPage :45 - get text to verify log out successfully [[ChromeDriver: chrome on WINDOWS (cdb695190aa1887e11791a1c077f20cf)] -> xpath: //div[@id='logInPanelHeading']]
2020-12-17 14:12:352 INFO  LoginPage :26 - enter user name to user name  field[[ChromeDriver: chrome on WINDOWS (3fe249597999f3576b068ace56c921c0)] -> xpath: //input[@id='txtUsername']]
2020-12-17 14:12:473 INFO  LoginPage :32 - enter password to password field [[ChromeDriver: chrome on WINDOWS (3fe249597999f3576b068ace56c921c0)] -> xpath: //input[@id='txtPassword']]
2020-12-17 14:12:577 INFO  LoginPage :38 - clicking on login btn [[ChromeDriver: chrome on WINDOWS (3fe249597999f3576b068ace56c921c0)] -> xpath: //input[@id='btnLogin']]
2020-12-17 14:12:973 INFO  DashboardPage :25 - get text to verify [[ChromeDriver: chrome on WINDOWS (3fe249597999f3576b068ace56c921c0)] -> css selector: a.panelTrigger]
2020-12-17 14:12:164 INFO  LoginPage :26 - enter user name to user name  field[[ChromeDriver: chrome on WINDOWS (8e3ebef683e5348384c6f8a0da259a0f)] -> xpath: //input[@id='txtUsername']]
2020-12-17 14:12:269 INFO  LoginPage :32 - enter password to password field [[ChromeDriver: chrome on WINDOWS (8e3ebef683e5348384c6f8a0da259a0f)] -> xpath: //input[@id='txtPassword']]
2020-12-17 14:12:383 INFO  LoginPage :38 - clicking on login btn [[ChromeDriver: chrome on WINDOWS (8e3ebef683e5348384c6f8a0da259a0f)] -> xpath: //input[@id='btnLogin']]
2020-12-17 14:12:868 INFO  DashboardPage :33 - clicking on welcome Admin link[[ChromeDriver: chrome on WINDOWS (8e3ebef683e5348384c6f8a0da259a0f)] -> css selector: a.panelTrigger]
2020-12-17 14:12:955 INFO  DashboardPage :39 - clicking on log out btn [[ChromeDriver: chrome on WINDOWS (8e3ebef683e5348384c6f8a0da259a0f)] -> xpath: //a[contains(text(),'Logout')]]
2020-12-17 14:12:537 INFO  LoginPage :45 - get text to verify log out successfully [[ChromeDriver: chrome on WINDOWS (8e3ebef683e5348384c6f8a0da259a0f)] -> xpath: //div[@id='logInPanelHeading']]
